[3J[H[2J[3J[H[2J



	                               **/(((/**                              
	                            */###########(*                           
	                          */#####@@@@@#####(*                         
	                         *(((((@@@###@@@#####*,                       
	                       */((((@@@#######@@@####/*                      
	                      *(((((@@@(((((#(##@@@#####*                     
	                    **((((&@@&((((*...####@@@####**                   
	                   *(((((@@@((((((....((((#@@@#####*                  
	                 **((((#@@@((((((*.....((((#%@@&####/*                
	                */((((@@@((((((((......(((((((@@@####(*               
	              .*(((((@@@(((((((((......((((((((@@@%####**             
	             */((((@@@(((((((((((......((((((((((@@@####(*            
	            *(((((@@@((((((((((((.....*(((((((((((@@@#####*,          
	          **((((@@@((((((((((((((.....((((((((((((((@@@(#(#/*         
	         *(((((@@@(((((((((((((((.....(((((((((((((((@@@((###*        
	       */((((&@@&(((((((((((((,...(((....(((((((((((((#@@@((((/*      
	      */((((@@@(((((((((......................((((((((((@@@((((#*     
	    .*//(((@@@((((((............(((((((*.........,(((((((%@@&((((/*   
	   */////@@@(((((........../((((((((((((((*..........((((((@@@(((((*  
	  */////@@@/(((......./(((((((((((((((((((((((/......../((((@@@#((((*.
	 *////%@@/////(((((((((((((((((((((((((((((((((((((((..(((((((@@@((((*
	 *////@@@/////////((((((((((((((((((((((((((((((((((((((((((((@@@((((*
	 **/////@@@@@@@@@@@@@@@@@@@@@@@@@@@@@@@@@@@@@@@@@@@@@@@@@@@@@@@#((((**
	  ***/////////////////(((((((((((((((((((((((((((((((((((((((((((((** 
	     ****////////////////((((((((((((((((((((((((((((((((((((/****    

				 [1mUpdater version: 2.2.9g[0m

	
	#######################################################################
	###                                                                 ###
	###			[33m     [1mRotorHazard        [0m		    ###
	###                                                                 ###
	###                     [1mOTA Updater and Manager[0m                     ###
	###                                                                 ###
	#######################################################################
			  Linux PC version	



				[91m[1m[4mMAIN MENU[0m

			[94m[1m1 - RotorHazard Manager
[0m
			[94m[1m2 - Nodes flash and update
[0m
			[1m3 - Start the server now
[0m
			[1m4 - Additional features
[0m
			[1m5 - Info + first time here
[0m
			[1m6 - Configuration wizard
[0m
			[93m[1me - Exit[0m
Traceback (most recent call last):
  File "update.py", line 384, in <module>
    mainMenu()
  File "update.py", line 360, in mainMenu
    selection=str(raw_input(""))
IOError: [Errno 9] Bad file descriptor
[3J[H[2J[3J[H[2J



	                               **/(((/**                              
	                            */###########(*                           
	                          */#####@@@@@#####(*                         
	                         *(((((@@@###@@@#####*,                       
	                       */((((@@@#######@@@####/*                      
	                      *(((((@@@(((((#(##@@@#####*                     
	                    **((((&@@&((((*...####@@@####**                   
	                   *(((((@@@((((((....((((#@@@#####*                  
	                 **((((#@@@((((((*.....((((#%@@&####/*                
	                */((((@@@((((((((......(((((((@@@####(*               
	              .*(((((@@@(((((((((......((((((((@@@%####**             
	             */((((@@@(((((((((((......((((((((((@@@####(*            
	            *(((((@@@((((((((((((.....*(((((((((((@@@#####*,          
	          **((((@@@((((((((((((((.....((((((((((((((@@@(#(#/*         
	         *(((((@@@(((((((((((((((.....(((((((((((((((@@@((###*        
	       */((((&@@&(((((((((((((,...(((....(((((((((((((#@@@((((/*      
	      */((((@@@(((((((((......................((((((((((@@@((((#*     
	    .*//(((@@@((((((............(((((((*.........,(((((((%@@&((((/*   
	   */////@@@(((((........../((((((((((((((*..........((((((@@@(((((*  
	  */////@@@/(((......./(((((((((((((((((((((((/......../((((@@@#((((*.
	 *////%@@/////(((((((((((((((((((((((((((((((((((((((..(((((((@@@((((*
	 *////@@@/////////((((((((((((((((((((((((((((((((((((((((((((@@@((((*
	 **/////@@@@@@@@@@@@@@@@@@@@@@@@@@@@@@@@@@@@@@@@@@@@@@@@@@@@@@@#((((**
	  ***/////////////////(((((((((((((((((((((((((((((((((((((((((((((** 
	     ****////////////////((((((((((((((((((((((((((((((((((((/****    

				 [1mUpdater version: 2.2.9g[0m

	
	#######################################################################
	###                                                                 ###
	###			[33m     [1mRotorHazard        [0m		    ###
	###                                                                 ###
	###                     [1mOTA Updater and Manager[0m                     ###
	###                                                                 ###
	#######################################################################
			  Linux PC version	



				[91m[1m[4mMAIN MENU[0m

			[94m[1m1 - RotorHazard Manager
[0m
			[94m[1m2 - Nodes flash and update
[0m
			[1m3 - Start the server now
[0m
			[1m4 - Additional features
[0m
			[1m5 - Info + first time here
[0m
			[1m6 - Configuration wizard
[0m
			[93m[1me - Exit[0m
Traceback (most recent call last):
  File "update.py", line 384, in <module>
    mainMenu()
  File "update.py", line 360, in mainMenu
    selection=str(raw_input(""))
IOError: [Errno 9] Bad file descriptor
